<?xml version="1.0" encoding="UTF-8"?>
<!-- Generated by org.testng.reporters.JUnitReportReporter -->
<testsuite hostname="DESKTOP-4FFBNMC" failures="0" tests="1" name="TestNGSamples.Assertions" time="9.522" errors="0" timestamp="26 Apr 2022 09:59:06 GMT" skipped="0">
  <testcase classname="TestNGSamples.Assertions" name="verifyTheUsernameAfterSuccessfulLogin" time="9.522"/>
</testsuite> <!-- TestNGSamples.Assertions -->
