<?xml version="1.0" encoding="UTF-8"?>
<!-- Generated by org.testng.reporters.JUnitReportReporter -->
<testsuite hostname="DESKTOP-4FFBNMC" failures="0" tests="1" name="TestNGSamples.Sample" time="21.125" errors="0" timestamp="24 Apr 2022 14:25:48 GMT" skipped="0">
  <testcase classname="TestNGSamples.Sample" name="fileUpload" time="21.125"/>
</testsuite> <!-- TestNGSamples.Sample -->
