<?xml version="1.0" encoding="UTF-8"?>
<!-- Generated by org.testng.reporters.JUnitReportReporter -->
<testsuite hostname="DESKTOP-4FFBNMC" failures="0" tests="3" name="TestNGSamples.NewTest" time="0.095" errors="0" timestamp="21 Apr 2022 06:10:07 GMT" skipped="0">
  <testcase classname="TestNGSamples.NewTest" name="getTheCurrentURL" time="0.061"/>
  <testcase classname="TestNGSamples.NewTest" name="getTheTitle" time="0.031"/>
  <testcase classname="TestNGSamples.NewTest" name="getTheClass" time="0.003"/>
</testsuite> <!-- TestNGSamples.NewTest -->
